{"D:\\Bootcamp\\code\\Project 3\\react-recipe-book\\client\\src\\App.js": {"path":"D:\\Bootcamp\\code\\Project 3\\react-recipe-book\\client\\src\\App.js","statementMap":{"0":{"start":{"line":7,"column":4},"end":{"line":7,"column":20}}},"fnMap":{"0":{"name":"(anonymous_0)","decl":{"start":{"line":6,"column":2},"end":{"line":6,"column":3}},"loc":{"start":{"line":6,"column":11},"end":{"line":8,"column":3}},"line":6}},"branchMap":{},"s":{"0":1},"f":{"0":1},"b":{},"_coverageSchema":"332fd63041d2c1bcb487cc26dd0d5f7d97098a6c","hash":"380e7a7a1aad28cf9987258982bcc0d232945b6c"}
,"D:\\Bootcamp\\code\\Project 3\\react-recipe-book\\client\\src\\components\\Browse\\index.js": {"path":"D:\\Bootcamp\\code\\Project 3\\react-recipe-book\\client\\src\\components\\Browse\\index.js","statementMap":{"0":{"start":{"line":8,"column":15},"end":{"line":33,"column":2}},"1":{"start":{"line":8,"column":25},"end":{"line":33,"column":1}},"2":{"start":{"line":35,"column":16},"end":{"line":60,"column":1}},"3":{"start":{"line":64,"column":4},"end":{"line":73,"column":6}},"4":{"start":{"line":69,"column":12},"end":{"line":69,"column":48}}},"fnMap":{"0":{"name":"(anonymous_0)","decl":{"start":{"line":8,"column":15},"end":{"line":8,"column":16}},"loc":{"start":{"line":8,"column":25},"end":{"line":33,"column":1}},"line":8},"1":{"name":"(anonymous_1)","decl":{"start":{"line":63,"column":2},"end":{"line":63,"column":3}},"loc":{"start":{"line":63,"column":11},"end":{"line":74,"column":3}},"line":63},"2":{"name":"(anonymous_2)","decl":{"start":{"line":68,"column":23},"end":{"line":68,"column":24}},"loc":{"start":{"line":69,"column":12},"end":{"line":69,"column":48}},"line":69}},"branchMap":{},"s":{"0":2,"1":1,"2":2,"3":1,"4":2},"f":{"0":1,"1":1,"2":2},"b":{},"_coverageSchema":"332fd63041d2c1bcb487cc26dd0d5f7d97098a6c","hash":"bf6e8152e5ee6799ee5385ec6efa02a26a27a496"}
,"D:\\Bootcamp\\code\\Project 3\\react-recipe-book\\client\\src\\components\\Browse\\style.js": {"path":"D:\\Bootcamp\\code\\Project 3\\react-recipe-book\\client\\src\\components\\Browse\\style.js","statementMap":{"0":{"start":{"line":3,"column":21},"end":{"line":11,"column":1}}},"fnMap":{},"branchMap":{},"s":{"0":2},"f":{},"b":{},"_coverageSchema":"332fd63041d2c1bcb487cc26dd0d5f7d97098a6c","hash":"d78882f99714b3ca5d6963b76b3995aa03dc12ad"}
,"D:\\Bootcamp\\code\\Project 3\\react-recipe-book\\client\\src\\components\\BrowseRecipeCard\\index.js": {"path":"D:\\Bootcamp\\code\\Project 3\\react-recipe-book\\client\\src\\components\\BrowseRecipeCard\\index.js","statementMap":{"0":{"start":{"line":19,"column":15},"end":{"line":44,"column":2}},"1":{"start":{"line":19,"column":25},"end":{"line":44,"column":1}},"2":{"start":{"line":50,"column":4},"end":{"line":50,"column":60}},"3":{"start":{"line":50,"column":28},"end":{"line":50,"column":57}},"4":{"start":{"line":54,"column":4},"end":{"line":54,"column":48}},"5":{"start":{"line":55,"column":4},"end":{"line":59,"column":4}},"6":{"start":{"line":63,"column":24},"end":{"line":63,"column":53}},"7":{"start":{"line":66,"column":32},"end":{"line":66,"column":42}},"8":{"start":{"line":68,"column":4},"end":{"line":123,"column":6}},"9":{"start":{"line":92,"column":16},"end":{"line":92,"column":46}},"10":{"start":{"line":100,"column":16},"end":{"line":100,"column":48}},"11":{"start":{"line":127,"column":0},"end":{"line":130,"column":2}}},"fnMap":{"0":{"name":"(anonymous_0)","decl":{"start":{"line":19,"column":15},"end":{"line":19,"column":16}},"loc":{"start":{"line":19,"column":25},"end":{"line":44,"column":1}},"line":19},"1":{"name":"(anonymous_1)","decl":{"start":{"line":49,"column":22},"end":{"line":49,"column":23}},"loc":{"start":{"line":49,"column":28},"end":{"line":51,"column":3}},"line":49},"2":{"name":"(anonymous_2)","decl":{"start":{"line":50,"column":18},"end":{"line":50,"column":19}},"loc":{"start":{"line":50,"column":28},"end":{"line":50,"column":57}},"line":50},"3":{"name":"(anonymous_3)","decl":{"start":{"line":53,"column":20},"end":{"line":53,"column":21}},"loc":{"start":{"line":53,"column":26},"end":{"line":61,"column":3}},"line":53},"4":{"name":"(anonymous_4)","decl":{"start":{"line":63,"column":18},"end":{"line":63,"column":19}},"loc":{"start":{"line":63,"column":24},"end":{"line":63,"column":53}},"line":63},"5":{"name":"(anonymous_5)","decl":{"start":{"line":65,"column":2},"end":{"line":65,"column":3}},"loc":{"start":{"line":65,"column":11},"end":{"line":124,"column":3}},"line":65},"6":{"name":"(anonymous_6)","decl":{"start":{"line":91,"column":23},"end":{"line":91,"column":24}},"loc":{"start":{"line":91,"column":29},"end":{"line":93,"column":15}},"line":91},"7":{"name":"(anonymous_7)","decl":{"start":{"line":99,"column":23},"end":{"line":99,"column":24}},"loc":{"start":{"line":99,"column":29},"end":{"line":101,"column":15}},"line":99}},"branchMap":{},"s":{"0":2,"1":1,"2":0,"3":0,"4":0,"5":0,"6":0,"7":2,"8":2,"9":0,"10":0,"11":2},"f":{"0":1,"1":0,"2":0,"3":0,"4":0,"5":2,"6":0,"7":0},"b":{},"_coverageSchema":"332fd63041d2c1bcb487cc26dd0d5f7d97098a6c","hash":"7a96ca655445370169f16070c004e56f55322492"}
,"D:\\Bootcamp\\code\\Project 3\\react-recipe-book\\client\\src\\components\\Button\\index.js": {"path":"D:\\Bootcamp\\code\\Project 3\\react-recipe-book\\client\\src\\components\\Button\\index.js","statementMap":{"0":{"start":{"line":5,"column":21},"end":{"line":9,"column":1}},"1":{"start":{"line":11,"column":15},"end":{"line":20,"column":1}},"2":{"start":{"line":12,"column":2},"end":{"line":19,"column":12}},"3":{"start":{"line":22,"column":0},"end":{"line":24,"column":2}}},"fnMap":{"0":{"name":"(anonymous_0)","decl":{"start":{"line":11,"column":15},"end":{"line":11,"column":16}},"loc":{"start":{"line":12,"column":2},"end":{"line":19,"column":12}},"line":12}},"branchMap":{},"s":{"0":3,"1":3,"2":0,"3":3},"f":{"0":0},"b":{},"_coverageSchema":"332fd63041d2c1bcb487cc26dd0d5f7d97098a6c","hash":"ceb4260a99c848af44ed4616bc077d355a1d3836"}
,"D:\\Bootcamp\\code\\Project 3\\react-recipe-book\\client\\src\\components\\EnterRecipe\\index.js": {"path":"D:\\Bootcamp\\code\\Project 3\\react-recipe-book\\client\\src\\components\\EnterRecipe\\index.js","statementMap":{"0":{"start":{"line":22,"column":8},"end":{"line":35,"column":9}}},"fnMap":{"0":{"name":"(anonymous_0)","decl":{"start":{"line":21,"column":4},"end":{"line":21,"column":5}},"loc":{"start":{"line":21,"column":13},"end":{"line":36,"column":9}},"line":21}},"branchMap":{},"s":{"0":0},"f":{"0":0},"b":{},"_coverageSchema":"332fd63041d2c1bcb487cc26dd0d5f7d97098a6c","hash":"8aca094028480a00df5336f576b0d77e5ab7bb52"}
,"D:\\Bootcamp\\code\\Project 3\\react-recipe-book\\client\\src\\components\\FacebookLogin\\index.js": {"path":"D:\\Bootcamp\\code\\Project 3\\react-recipe-book\\client\\src\\components\\FacebookLogin\\index.js","statementMap":{"0":{"start":{"line":5,"column":4},"end":{"line":13,"column":6}}},"fnMap":{"0":{"name":"(anonymous_0)","decl":{"start":{"line":4,"column":2},"end":{"line":4,"column":3}},"loc":{"start":{"line":4,"column":11},"end":{"line":14,"column":3}},"line":4}},"branchMap":{},"s":{"0":1},"f":{"0":1},"b":{},"_coverageSchema":"332fd63041d2c1bcb487cc26dd0d5f7d97098a6c","hash":"93cf94511eaa769e6de7d16a64f60bd8813f0c98"}
,"D:\\Bootcamp\\code\\Project 3\\react-recipe-book\\client\\src\\components\\Fridge\\index.js": {"path":"D:\\Bootcamp\\code\\Project 3\\react-recipe-book\\client\\src\\components\\Fridge\\index.js","statementMap":{"0":{"start":{"line":8,"column":15},"end":{"line":14,"column":2}},"1":{"start":{"line":8,"column":22},"end":{"line":14,"column":1}},"2":{"start":{"line":18,"column":2},"end":{"line":25,"column":4}}},"fnMap":{"0":{"name":"(anonymous_0)","decl":{"start":{"line":8,"column":15},"end":{"line":8,"column":16}},"loc":{"start":{"line":8,"column":22},"end":{"line":14,"column":1}},"line":8},"1":{"name":"Fridge","decl":{"start":{"line":16,"column":9},"end":{"line":16,"column":15}},"loc":{"start":{"line":16,"column":18},"end":{"line":26,"column":1}},"line":16}},"branchMap":{},"s":{"0":1,"1":0,"2":0},"f":{"0":0,"1":0},"b":{},"_coverageSchema":"332fd63041d2c1bcb487cc26dd0d5f7d97098a6c","hash":"f9b9d23f4a8d1c5bdcd2b7f7934f08a36869f06b"}
,"D:\\Bootcamp\\code\\Project 3\\react-recipe-book\\client\\src\\components\\Fridge\\style.js": {"path":"D:\\Bootcamp\\code\\Project 3\\react-recipe-book\\client\\src\\components\\Fridge\\style.js","statementMap":{"0":{"start":{"line":3,"column":21},"end":{"line":10,"column":1}}},"fnMap":{},"branchMap":{},"s":{"0":1},"f":{},"b":{},"_coverageSchema":"332fd63041d2c1bcb487cc26dd0d5f7d97098a6c","hash":"2e69340ce48a3a0a5454301a02afe558012cfdc9"}
,"D:\\Bootcamp\\code\\Project 3\\react-recipe-book\\client\\src\\components\\FridgeInfo\\index.js": {"path":"D:\\Bootcamp\\code\\Project 3\\react-recipe-book\\client\\src\\components\\FridgeInfo\\index.js","statementMap":{"0":{"start":{"line":5,"column":19},"end":{"line":5,"column":64}},"1":{"start":{"line":5,"column":33},"end":{"line":5,"column":64}},"2":{"start":{"line":7,"column":0},"end":{"line":9,"column":2}}},"fnMap":{"0":{"name":"(anonymous_0)","decl":{"start":{"line":5,"column":19},"end":{"line":5,"column":20}},"loc":{"start":{"line":5,"column":33},"end":{"line":5,"column":64}},"line":5}},"branchMap":{},"s":{"0":1,"1":1,"2":1},"f":{"0":1},"b":{},"_coverageSchema":"332fd63041d2c1bcb487cc26dd0d5f7d97098a6c","hash":"1c369df6a48f61a1a7bbd845cc80dfeb043f0223"}
,"D:\\Bootcamp\\code\\Project 3\\react-recipe-book\\client\\src\\components\\FridgeInfo\\style.js": {"path":"D:\\Bootcamp\\code\\Project 3\\react-recipe-book\\client\\src\\components\\FridgeInfo\\style.js","statementMap":{"0":{"start":{"line":3,"column":19},"end":{"line":11,"column":1}}},"fnMap":{},"branchMap":{},"s":{"0":1},"f":{},"b":{},"_coverageSchema":"332fd63041d2c1bcb487cc26dd0d5f7d97098a6c","hash":"e2673320cb3e9cb1450b9037b8f2e10b06ca55c8"}
,"D:\\Bootcamp\\code\\Project 3\\react-recipe-book\\client\\src\\components\\FridgeItem\\index.js": {"path":"D:\\Bootcamp\\code\\Project 3\\react-recipe-book\\client\\src\\components\\FridgeItem\\index.js","statementMap":{"0":{"start":{"line":9,"column":2},"end":{"line":14,"column":4}},"1":{"start":{"line":17,"column":0},"end":{"line":21,"column":2}}},"fnMap":{"0":{"name":"FridgeItem","decl":{"start":{"line":8,"column":9},"end":{"line":8,"column":19}},"loc":{"start":{"line":8,"column":52},"end":{"line":15,"column":1}},"line":8}},"branchMap":{},"s":{"0":3,"1":3},"f":{"0":3},"b":{},"_coverageSchema":"332fd63041d2c1bcb487cc26dd0d5f7d97098a6c","hash":"2d55c7d3e86cbd50ead141a6e1aeb2bd3392ff47"}
,"D:\\Bootcamp\\code\\Project 3\\react-recipe-book\\client\\src\\components\\FridgeList\\index.js": {"path":"D:\\Bootcamp\\code\\Project 3\\react-recipe-book\\client\\src\\components\\FridgeList\\index.js","statementMap":{"0":{"start":{"line":7,"column":15},"end":{"line":13,"column":2}},"1":{"start":{"line":7,"column":22},"end":{"line":13,"column":1}},"2":{"start":{"line":16,"column":22},"end":{"line":16,"column":27}},"3":{"start":{"line":17,"column":2},"end":{"line":26,"column":4}},"4":{"start":{"line":29,"column":0},"end":{"line":31,"column":2}}},"fnMap":{"0":{"name":"(anonymous_0)","decl":{"start":{"line":7,"column":15},"end":{"line":7,"column":16}},"loc":{"start":{"line":7,"column":22},"end":{"line":13,"column":1}},"line":7},"1":{"name":"FridgeList","decl":{"start":{"line":15,"column":9},"end":{"line":15,"column":19}},"loc":{"start":{"line":15,"column":27},"end":{"line":27,"column":1}},"line":15}},"branchMap":{},"s":{"0":2,"1":1,"2":1,"3":1,"4":2},"f":{"0":1,"1":1},"b":{},"_coverageSchema":"332fd63041d2c1bcb487cc26dd0d5f7d97098a6c","hash":"9bddbbf0efe963957db0e5ca7fe1351152b16de2"}
,"D:\\Bootcamp\\code\\Project 3\\react-recipe-book\\client\\src\\components\\GoogleSignIn\\index.js": {"path":"D:\\Bootcamp\\code\\Project 3\\react-recipe-book\\client\\src\\components\\GoogleSignIn\\index.js","statementMap":{"0":{"start":{"line":6,"column":20},"end":{"line":6,"column":48}},"1":{"start":{"line":7,"column":4},"end":{"line":7,"column":42}},"2":{"start":{"line":8,"column":4},"end":{"line":8,"column":51}},"3":{"start":{"line":9,"column":4},"end":{"line":9,"column":57}},"4":{"start":{"line":10,"column":4},"end":{"line":10,"column":59}},"5":{"start":{"line":11,"column":4},"end":{"line":11,"column":55}},"6":{"start":{"line":12,"column":4},"end":{"line":12,"column":48}},"7":{"start":{"line":15,"column":24},"end":{"line":15,"column":57}},"8":{"start":{"line":16,"column":4},"end":{"line":16,"column":40}},"9":{"start":{"line":20,"column":4},"end":{"line":22,"column":6}}},"fnMap":{"0":{"name":"(anonymous_0)","decl":{"start":{"line":4,"column":2},"end":{"line":4,"column":3}},"loc":{"start":{"line":4,"column":23},"end":{"line":17,"column":3}},"line":4},"1":{"name":"(anonymous_1)","decl":{"start":{"line":19,"column":2},"end":{"line":19,"column":3}},"loc":{"start":{"line":19,"column":11},"end":{"line":23,"column":3}},"line":19}},"branchMap":{},"s":{"0":0,"1":0,"2":0,"3":0,"4":0,"5":0,"6":0,"7":0,"8":0,"9":1},"f":{"0":0,"1":1},"b":{},"_coverageSchema":"332fd63041d2c1bcb487cc26dd0d5f7d97098a6c","hash":"67d0a880d597776972a277b07dcbbdf05f007d70"}
,"D:\\Bootcamp\\code\\Project 3\\react-recipe-book\\client\\src\\components\\Home\\index.js": {"path":"D:\\Bootcamp\\code\\Project 3\\react-recipe-book\\client\\src\\components\\Home\\index.js","statementMap":{"0":{"start":{"line":7,"column":13},"end":{"line":15,"column":1}},"1":{"start":{"line":8,"column":2},"end":{"line":14,"column":15}}},"fnMap":{"0":{"name":"(anonymous_0)","decl":{"start":{"line":7,"column":13},"end":{"line":7,"column":14}},"loc":{"start":{"line":8,"column":2},"end":{"line":14,"column":15}},"line":8}},"branchMap":{},"s":{"0":2,"1":1},"f":{"0":1},"b":{},"_coverageSchema":"332fd63041d2c1bcb487cc26dd0d5f7d97098a6c","hash":"d110a6276a69627920024855f72ae9cde26079f7"}
,"D:\\Bootcamp\\code\\Project 3\\react-recipe-book\\client\\src\\components\\Home\\style.js": {"path":"D:\\Bootcamp\\code\\Project 3\\react-recipe-book\\client\\src\\components\\Home\\style.js","statementMap":{"0":{"start":{"line":3,"column":19},"end":{"line":11,"column":1}}},"fnMap":{},"branchMap":{},"s":{"0":2},"f":{},"b":{},"_coverageSchema":"332fd63041d2c1bcb487cc26dd0d5f7d97098a6c","hash":"a45a65894ef7df1cfcbf535fe8ddb8cfca913f94"}
,"D:\\Bootcamp\\code\\Project 3\\react-recipe-book\\client\\src\\components\\IngredientInput\\index.js": {"path":"D:\\Bootcamp\\code\\Project 3\\react-recipe-book\\client\\src\\components\\IngredientInput\\index.js","statementMap":{"0":{"start":{"line":17,"column":8},"end":{"line":17,"column":21}},"1":{"start":{"line":18,"column":8},"end":{"line":18,"column":57}},"2":{"start":{"line":23,"column":8},"end":{"line":23,"column":22}},"3":{"start":{"line":24,"column":31},"end":{"line":24,"column":56}},"4":{"start":{"line":25,"column":8},"end":{"line":29,"column":10}},"5":{"start":{"line":27,"column":12},"end":{"line":27,"column":97}},"6":{"start":{"line":28,"column":12},"end":{"line":28,"column":105}},"7":{"start":{"line":30,"column":8},"end":{"line":38,"column":11}},"8":{"start":{"line":31,"column":12},"end":{"line":37,"column":14}},"9":{"start":{"line":44,"column":31},"end":{"line":44,"column":56}},"10":{"start":{"line":45,"column":8},"end":{"line":49,"column":10}},"11":{"start":{"line":47,"column":12},"end":{"line":47,"column":97}},"12":{"start":{"line":48,"column":12},"end":{"line":48,"column":105}},"13":{"start":{"line":50,"column":8},"end":{"line":53,"column":10}},"14":{"start":{"line":54,"column":8},"end":{"line":54,"column":42}},"15":{"start":{"line":58,"column":8},"end":{"line":58,"column":59}},"16":{"start":{"line":63,"column":8},"end":{"line":104,"column":9}},"17":{"start":{"line":68,"column":24},"end":{"line":83,"column":25}},"18":{"start":{"line":85,"column":58},"end":{"line":85,"column":78}}},"fnMap":{"0":{"name":"(anonymous_0)","decl":{"start":{"line":16,"column":4},"end":{"line":16,"column":5}},"loc":{"start":{"line":16,"column":23},"end":{"line":19,"column":7}},"line":16},"1":{"name":"(anonymous_1)","decl":{"start":{"line":22,"column":17},"end":{"line":22,"column":18}},"loc":{"start":{"line":22,"column":28},"end":{"line":41,"column":5}},"line":22},"2":{"name":"(anonymous_2)","decl":{"start":{"line":25,"column":27},"end":{"line":25,"column":28}},"loc":{"start":{"line":25,"column":51},"end":{"line":29,"column":9}},"line":25},"3":{"name":"(anonymous_3)","decl":{"start":{"line":30,"column":42},"end":{"line":30,"column":43}},"loc":{"start":{"line":30,"column":48},"end":{"line":38,"column":9}},"line":30},"4":{"name":"(anonymous_4)","decl":{"start":{"line":43,"column":20},"end":{"line":43,"column":21}},"loc":{"start":{"line":43,"column":26},"end":{"line":55,"column":5}},"line":43},"5":{"name":"(anonymous_5)","decl":{"start":{"line":45,"column":27},"end":{"line":45,"column":28}},"loc":{"start":{"line":45,"column":51},"end":{"line":49,"column":9}},"line":45},"6":{"name":"(anonymous_6)","decl":{"start":{"line":57,"column":4},"end":{"line":57,"column":5}},"loc":{"start":{"line":57,"column":24},"end":{"line":59,"column":5}},"line":57},"7":{"name":"(anonymous_7)","decl":{"start":{"line":62,"column":4},"end":{"line":62,"column":5}},"loc":{"start":{"line":62,"column":13},"end":{"line":105,"column":5}},"line":62},"8":{"name":"(anonymous_8)","decl":{"start":{"line":67,"column":51},"end":{"line":67,"column":52}},"loc":{"start":{"line":67,"column":75},"end":{"line":84,"column":21}},"line":67},"9":{"name":"(anonymous_9)","decl":{"start":{"line":85,"column":51},"end":{"line":85,"column":52}},"loc":{"start":{"line":85,"column":57},"end":{"line":85,"column":79}},"line":85}},"branchMap":{"0":{"loc":{"start":{"line":98,"column":27},"end":{"line":98,"column":121}},"type":"cond-expr","locations":[{"start":{"line":98,"column":69},"end":{"line":98,"column":114}},{"start":{"line":98,"column":117},"end":{"line":98,"column":121}}],"line":98}},"s":{"0":0,"1":0,"2":0,"3":0,"4":0,"5":0,"6":0,"7":0,"8":0,"9":0,"10":0,"11":0,"12":0,"13":0,"14":0,"15":0,"16":0,"17":0,"18":0},"f":{"0":0,"1":0,"2":0,"3":0,"4":0,"5":0,"6":0,"7":0,"8":0,"9":0},"b":{"0":[0,0]},"_coverageSchema":"332fd63041d2c1bcb487cc26dd0d5f7d97098a6c","hash":"8b8bfed966643130090c30333227ee245fd01bc5"}
,"D:\\Bootcamp\\code\\Project 3\\react-recipe-book\\client\\src\\components\\Login\\index.js": {"path":"D:\\Bootcamp\\code\\Project 3\\react-recipe-book\\client\\src\\components\\Login\\index.js","statementMap":{"0":{"start":{"line":8,"column":14},"end":{"line":31,"column":1}},"1":{"start":{"line":9,"column":2},"end":{"line":30,"column":8}}},"fnMap":{"0":{"name":"(anonymous_0)","decl":{"start":{"line":8,"column":14},"end":{"line":8,"column":15}},"loc":{"start":{"line":9,"column":2},"end":{"line":30,"column":8}},"line":9}},"branchMap":{},"s":{"0":2,"1":1},"f":{"0":1},"b":{},"_coverageSchema":"332fd63041d2c1bcb487cc26dd0d5f7d97098a6c","hash":"67e6bcbd1b8cdfcfad934cc6e5bbae13d6d891c4"}
,"D:\\Bootcamp\\code\\Project 3\\react-recipe-book\\client\\src\\components\\Login\\style.js": {"path":"D:\\Bootcamp\\code\\Project 3\\react-recipe-book\\client\\src\\components\\Login\\style.js","statementMap":{"0":{"start":{"line":3,"column":19},"end":{"line":11,"column":1}}},"fnMap":{},"branchMap":{},"s":{"0":2},"f":{},"b":{},"_coverageSchema":"332fd63041d2c1bcb487cc26dd0d5f7d97098a6c","hash":"f3e72040c050d41377bb8300fccd62a2add53f4f"}
,"D:\\Bootcamp\\code\\Project 3\\react-recipe-book\\client\\src\\components\\Logo\\index.js": {"path":"D:\\Bootcamp\\code\\Project 3\\react-recipe-book\\client\\src\\components\\Logo\\index.js","statementMap":{"0":{"start":{"line":6,"column":13},"end":{"line":10,"column":1}},"1":{"start":{"line":7,"column":2},"end":{"line":9,"column":15}},"2":{"start":{"line":12,"column":0},"end":{"line":14,"column":2}}},"fnMap":{"0":{"name":"(anonymous_0)","decl":{"start":{"line":6,"column":13},"end":{"line":6,"column":14}},"loc":{"start":{"line":7,"column":2},"end":{"line":9,"column":15}},"line":7}},"branchMap":{},"s":{"0":5,"1":3,"2":5},"f":{"0":3},"b":{},"_coverageSchema":"332fd63041d2c1bcb487cc26dd0d5f7d97098a6c","hash":"d89919fabb6a50b54dffd971f059626bff759be7"}
,"D:\\Bootcamp\\code\\Project 3\\react-recipe-book\\client\\src\\components\\Logo\\style.js": {"path":"D:\\Bootcamp\\code\\Project 3\\react-recipe-book\\client\\src\\components\\Logo\\style.js","statementMap":{"0":{"start":{"line":3,"column":19},"end":{"line":6,"column":1}}},"fnMap":{},"branchMap":{},"s":{"0":5},"f":{},"b":{},"_coverageSchema":"332fd63041d2c1bcb487cc26dd0d5f7d97098a6c","hash":"a4f774528d67f43c50e252de0fd435d929496c2d"}
,"D:\\Bootcamp\\code\\Project 3\\react-recipe-book\\client\\src\\components\\Main\\index.js": {"path":"D:\\Bootcamp\\code\\Project 3\\react-recipe-book\\client\\src\\components\\Main\\index.js","statementMap":{"0":{"start":{"line":11,"column":13},"end":{"line":23,"column":1}},"1":{"start":{"line":12,"column":2},"end":{"line":22,"column":18}}},"fnMap":{"0":{"name":"(anonymous_0)","decl":{"start":{"line":11,"column":13},"end":{"line":11,"column":14}},"loc":{"start":{"line":12,"column":2},"end":{"line":22,"column":18}},"line":12}},"branchMap":{},"s":{"0":1,"1":1},"f":{"0":1},"b":{},"_coverageSchema":"332fd63041d2c1bcb487cc26dd0d5f7d97098a6c","hash":"1120e005f348d89e07e1f22eb52eb20bd609d4a1"}
,"D:\\Bootcamp\\code\\Project 3\\react-recipe-book\\client\\src\\components\\NavBar\\index.js": {"path":"D:\\Bootcamp\\code\\Project 3\\react-recipe-book\\client\\src\\components\\NavBar\\index.js","statementMap":{"0":{"start":{"line":16,"column":15},"end":{"line":30,"column":1}},"1":{"start":{"line":39,"column":4},"end":{"line":39,"column":50}},"2":{"start":{"line":43,"column":4},"end":{"line":43,"column":53}},"3":{"start":{"line":47,"column":4},"end":{"line":47,"column":38}},"4":{"start":{"line":51,"column":31},"end":{"line":51,"column":41}},"5":{"start":{"line":52,"column":31},"end":{"line":52,"column":41}},"6":{"start":{"line":53,"column":17},"end":{"line":53,"column":34}},"7":{"start":{"line":55,"column":4},"end":{"line":114,"column":6}},"8":{"start":{"line":118,"column":0},"end":{"line":121,"column":2}}},"fnMap":{"0":{"name":"(anonymous_0)","decl":{"start":{"line":38,"column":17},"end":{"line":38,"column":18}},"loc":{"start":{"line":38,"column":26},"end":{"line":40,"column":3}},"line":38},"1":{"name":"(anonymous_1)","decl":{"start":{"line":42,"column":15},"end":{"line":42,"column":16}},"loc":{"start":{"line":42,"column":24},"end":{"line":44,"column":3}},"line":42},"2":{"name":"(anonymous_2)","decl":{"start":{"line":46,"column":16},"end":{"line":46,"column":17}},"loc":{"start":{"line":46,"column":22},"end":{"line":48,"column":3}},"line":46},"3":{"name":"(anonymous_3)","decl":{"start":{"line":50,"column":2},"end":{"line":50,"column":3}},"loc":{"start":{"line":50,"column":11},"end":{"line":115,"column":3}},"line":50}},"branchMap":{"0":{"loc":{"start":{"line":66,"column":19},"end":{"line":66,"column":44}},"type":"cond-expr","locations":[{"start":{"line":66,"column":26},"end":{"line":66,"column":34}},{"start":{"line":66,"column":37},"end":{"line":66,"column":44}}],"line":66},"1":{"loc":{"start":{"line":81,"column":13},"end":{"line":110,"column":13}},"type":"binary-expr","locations":[{"start":{"line":81,"column":13},"end":{"line":81,"column":17}},{"start":{"line":82,"column":14},"end":{"line":109,"column":20}}],"line":81},"2":{"loc":{"start":{"line":84,"column":29},"end":{"line":84,"column":61}},"type":"cond-expr","locations":[{"start":{"line":84,"column":36},"end":{"line":84,"column":49}},{"start":{"line":84,"column":52},"end":{"line":84,"column":61}}],"line":84}},"s":{"0":3,"1":0,"2":0,"3":0,"4":2,"5":2,"6":2,"7":2,"8":3},"f":{"0":0,"1":0,"2":0,"3":2},"b":{"0":[2,0],"1":[2,2],"2":[0,2]},"_coverageSchema":"332fd63041d2c1bcb487cc26dd0d5f7d97098a6c","hash":"fd92552cced633958b265f51ab92a0a58f7b36eb"}
,"D:\\Bootcamp\\code\\Project 3\\react-recipe-book\\client\\src\\components\\RecipeCard\\index.js": {"path":"D:\\Bootcamp\\code\\Project 3\\react-recipe-book\\client\\src\\components\\RecipeCard\\index.js","statementMap":{"0":{"start":{"line":12,"column":15},"end":{"line":23,"column":1}},"1":{"start":{"line":26,"column":49},"end":{"line":26,"column":54}},"2":{"start":{"line":27,"column":2},"end":{"line":54,"column":4}},"3":{"start":{"line":57,"column":0},"end":{"line":62,"column":2}}},"fnMap":{"0":{"name":"RecipeCard","decl":{"start":{"line":25,"column":9},"end":{"line":25,"column":19}},"loc":{"start":{"line":25,"column":27},"end":{"line":55,"column":1}},"line":25}},"branchMap":{},"s":{"0":1,"1":1,"2":1,"3":1},"f":{"0":1},"b":{},"_coverageSchema":"332fd63041d2c1bcb487cc26dd0d5f7d97098a6c","hash":"32ffdd7d4640720a885bf5bc8542c517d40837fd"}
,"D:\\Bootcamp\\code\\Project 3\\react-recipe-book\\client\\src\\components\\RecipeForm\\index.js": {"path":"D:\\Bootcamp\\code\\Project 3\\react-recipe-book\\client\\src\\components\\RecipeForm\\index.js","statementMap":{"0":{"start":{"line":3,"column":19},"end":{"line":32,"column":1}},"1":{"start":{"line":4,"column":4},"end":{"line":31,"column":10}},"2":{"start":{"line":29,"column":49},"end":{"line":29,"column":72}}},"fnMap":{"0":{"name":"(anonymous_0)","decl":{"start":{"line":3,"column":19},"end":{"line":3,"column":20}},"loc":{"start":{"line":4,"column":4},"end":{"line":31,"column":10}},"line":4},"1":{"name":"(anonymous_1)","decl":{"start":{"line":29,"column":42},"end":{"line":29,"column":43}},"loc":{"start":{"line":29,"column":48},"end":{"line":29,"column":73}},"line":29}},"branchMap":{},"s":{"0":1,"1":0,"2":0},"f":{"0":0,"1":0},"b":{},"_coverageSchema":"332fd63041d2c1bcb487cc26dd0d5f7d97098a6c","hash":"4a018b64c3540457f92e9e0862296643c5540729"}
,"D:\\Bootcamp\\code\\Project 3\\react-recipe-book\\client\\src\\components\\RecipeInformation\\index.js": {"path":"D:\\Bootcamp\\code\\Project 3\\react-recipe-book\\client\\src\\components\\RecipeInformation\\index.js","statementMap":{"0":{"start":{"line":9,"column":15},"end":{"line":39,"column":2}},"1":{"start":{"line":9,"column":22},"end":{"line":39,"column":1}},"2":{"start":{"line":51,"column":6},"end":{"line":51,"column":11}},"3":{"start":{"line":52,"column":2},"end":{"line":52,"column":23}},"4":{"start":{"line":53,"column":2},"end":{"line":77,"column":4}},"5":{"start":{"line":70,"column":10},"end":{"line":70,"column":77}},"6":{"start":{"line":80,"column":0},"end":{"line":89,"column":2}}},"fnMap":{"0":{"name":"(anonymous_0)","decl":{"start":{"line":9,"column":15},"end":{"line":9,"column":16}},"loc":{"start":{"line":9,"column":22},"end":{"line":39,"column":1}},"line":9},"1":{"name":"RecipeView","decl":{"start":{"line":41,"column":9},"end":{"line":41,"column":19}},"loc":{"start":{"line":41,"column":27},"end":{"line":78,"column":1}},"line":41},"2":{"name":"(anonymous_2)","decl":{"start":{"line":69,"column":25},"end":{"line":69,"column":26}},"loc":{"start":{"line":70,"column":10},"end":{"line":70,"column":77}},"line":70}},"branchMap":{},"s":{"0":3,"1":1,"2":2,"3":2,"4":2,"5":0,"6":3},"f":{"0":1,"1":2,"2":0},"b":{},"_coverageSchema":"332fd63041d2c1bcb487cc26dd0d5f7d97098a6c","hash":"90218fe7c9ab0d30093784c3103e92c05966ff82"}
,"D:\\Bootcamp\\code\\Project 3\\react-recipe-book\\client\\src\\components\\RecipeInformation\\style.js": {"path":"D:\\Bootcamp\\code\\Project 3\\react-recipe-book\\client\\src\\components\\RecipeInformation\\style.js","statementMap":{"0":{"start":{"line":3,"column":21},"end":{"line":15,"column":1}}},"fnMap":{},"branchMap":{},"s":{"0":3},"f":{},"b":{},"_coverageSchema":"332fd63041d2c1bcb487cc26dd0d5f7d97098a6c","hash":"ae307d957f06e82de60f973199e4f41f75fb48ce"}
,"D:\\Bootcamp\\code\\Project 3\\react-recipe-book\\client\\src\\components\\RecipeIngredient\\index.js": {"path":"D:\\Bootcamp\\code\\Project 3\\react-recipe-book\\client\\src\\components\\RecipeIngredient\\index.js","statementMap":{"0":{"start":{"line":8,"column":2},"end":{"line":13,"column":4}},"1":{"start":{"line":16,"column":0},"end":{"line":20,"column":2}}},"fnMap":{"0":{"name":"RecipeIngredient","decl":{"start":{"line":7,"column":9},"end":{"line":7,"column":25}},"loc":{"start":{"line":7,"column":56},"end":{"line":14,"column":1}},"line":7}},"branchMap":{},"s":{"0":0,"1":3},"f":{"0":0},"b":{},"_coverageSchema":"332fd63041d2c1bcb487cc26dd0d5f7d97098a6c","hash":"da65d83101c3dfa6f58ba484ba0d8e9c17eff9e3"}
,"D:\\Bootcamp\\code\\Project 3\\react-recipe-book\\client\\src\\components\\RecipeInstruction\\index.js": {"path":"D:\\Bootcamp\\code\\Project 3\\react-recipe-book\\client\\src\\components\\RecipeInstruction\\index.js","statementMap":{"0":{"start":{"line":5,"column":27},"end":{"line":7,"column":1}},"1":{"start":{"line":6,"column":2},"end":{"line":6,"column":49}},"2":{"start":{"line":9,"column":0},"end":{"line":11,"column":2}}},"fnMap":{"0":{"name":"(anonymous_0)","decl":{"start":{"line":5,"column":27},"end":{"line":5,"column":28}},"loc":{"start":{"line":6,"column":2},"end":{"line":6,"column":49}},"line":6}},"branchMap":{},"s":{"0":3,"1":0,"2":3},"f":{"0":0},"b":{},"_coverageSchema":"332fd63041d2c1bcb487cc26dd0d5f7d97098a6c","hash":"9f19d285c58befe95db6bb58135637b5d37c7c20"}
,"D:\\Bootcamp\\code\\Project 3\\react-recipe-book\\client\\src\\components\\RecipeInstruction\\style.js": {"path":"D:\\Bootcamp\\code\\Project 3\\react-recipe-book\\client\\src\\components\\RecipeInstruction\\style.js","statementMap":{"0":{"start":{"line":3,"column":27},"end":{"line":10,"column":1}}},"fnMap":{},"branchMap":{},"s":{"0":3},"f":{},"b":{},"_coverageSchema":"332fd63041d2c1bcb487cc26dd0d5f7d97098a6c","hash":"8faa5c1cb69490a7b0eebb26bb59bde815f59bed"}
,"D:\\Bootcamp\\code\\Project 3\\react-recipe-book\\client\\src\\components\\RecipePage\\index.js": {"path":"D:\\Bootcamp\\code\\Project 3\\react-recipe-book\\client\\src\\components\\RecipePage\\index.js","statementMap":{"0":{"start":{"line":9,"column":2},"end":{"line":24,"column":4}}},"fnMap":{"0":{"name":"RecipePage","decl":{"start":{"line":8,"column":9},"end":{"line":8,"column":19}},"loc":{"start":{"line":8,"column":22},"end":{"line":25,"column":1}},"line":8}},"branchMap":{},"s":{"0":0},"f":{"0":0},"b":{},"_coverageSchema":"332fd63041d2c1bcb487cc26dd0d5f7d97098a6c","hash":"2c1c67f2f854d2f2cfcb88c09c717d18f2920e57"}
,"D:\\Bootcamp\\code\\Project 3\\react-recipe-book\\client\\src\\components\\RecipePage\\recipe-test.js": {"path":"D:\\Bootcamp\\code\\Project 3\\react-recipe-book\\client\\src\\components\\RecipePage\\recipe-test.js","statementMap":{"0":{"start":{"line":1,"column":15},"end":{"line":254,"column":1}}},"fnMap":{},"branchMap":{},"s":{"0":2},"f":{},"b":{},"_coverageSchema":"332fd63041d2c1bcb487cc26dd0d5f7d97098a6c","hash":"fd3c4bbb26e825891fa0cb3f4e4b709acd914e89"}
,"D:\\Bootcamp\\code\\Project 3\\react-recipe-book\\client\\src\\components\\RecipePage\\style.js": {"path":"D:\\Bootcamp\\code\\Project 3\\react-recipe-book\\client\\src\\components\\RecipePage\\style.js","statementMap":{"0":{"start":{"line":3,"column":25},"end":{"line":10,"column":1}}},"fnMap":{},"branchMap":{},"s":{"0":2},"f":{},"b":{},"_coverageSchema":"332fd63041d2c1bcb487cc26dd0d5f7d97098a6c","hash":"10ed5a41e860e4da40e4bf8c3f9261abee0931c4"}
,"D:\\Bootcamp\\code\\Project 3\\react-recipe-book\\client\\src\\components\\RecipeTitle\\index.js": {"path":"D:\\Bootcamp\\code\\Project 3\\react-recipe-book\\client\\src\\components\\RecipeTitle\\index.js","statementMap":{"0":{"start":{"line":3,"column":20},"end":{"line":20,"column":1}},"1":{"start":{"line":4,"column":4},"end":{"line":19,"column":5}}},"fnMap":{"0":{"name":"(anonymous_0)","decl":{"start":{"line":3,"column":20},"end":{"line":3,"column":21}},"loc":{"start":{"line":3,"column":26},"end":{"line":20,"column":1}},"line":3}},"branchMap":{},"s":{"0":1,"1":0},"f":{"0":0},"b":{},"_coverageSchema":"332fd63041d2c1bcb487cc26dd0d5f7d97098a6c","hash":"bf8141a87b8d85e72ed642bc96e545221e93b514"}
,"D:\\Bootcamp\\code\\Project 3\\react-recipe-book\\client\\src\\components\\StatusIcon\\index.js": {"path":"D:\\Bootcamp\\code\\Project 3\\react-recipe-book\\client\\src\\components\\StatusIcon\\index.js","statementMap":{"0":{"start":{"line":4,"column":15},"end":{"line":8,"column":1}},"1":{"start":{"line":10,"column":13},"end":{"line":14,"column":1}},"2":{"start":{"line":11,"column":2},"end":{"line":13,"column":8}},"3":{"start":{"line":16,"column":0},"end":{"line":18,"column":2}}},"fnMap":{"0":{"name":"(anonymous_0)","decl":{"start":{"line":10,"column":13},"end":{"line":10,"column":14}},"loc":{"start":{"line":11,"column":2},"end":{"line":13,"column":8}},"line":11}},"branchMap":{},"s":{"0":5,"1":5,"2":3,"3":5},"f":{"0":3},"b":{},"_coverageSchema":"332fd63041d2c1bcb487cc26dd0d5f7d97098a6c","hash":"fa2abd46efcafd71df88052a54a33a2d972d3399"}
,"D:\\Bootcamp\\code\\Project 3\\react-recipe-book\\client\\src\\components\\Welcome\\index.js": {"path":"D:\\Bootcamp\\code\\Project 3\\react-recipe-book\\client\\src\\components\\Welcome\\index.js","statementMap":{"0":{"start":{"line":8,"column":16},"end":{"line":20,"column":1}},"1":{"start":{"line":9,"column":2},"end":{"line":19,"column":18}}},"fnMap":{"0":{"name":"(anonymous_0)","decl":{"start":{"line":8,"column":16},"end":{"line":8,"column":17}},"loc":{"start":{"line":9,"column":2},"end":{"line":19,"column":18}},"line":9}},"branchMap":{},"s":{"0":2,"1":0},"f":{"0":0},"b":{},"_coverageSchema":"332fd63041d2c1bcb487cc26dd0d5f7d97098a6c","hash":"054ab9ff636ecc238890d71b27fd30b6ca645208"}
,"D:\\Bootcamp\\code\\Project 3\\react-recipe-book\\client\\src\\components\\Welcome\\style.js": {"path":"D:\\Bootcamp\\code\\Project 3\\react-recipe-book\\client\\src\\components\\Welcome\\style.js","statementMap":{"0":{"start":{"line":3,"column":22},"end":{"line":11,"column":1}}},"fnMap":{},"branchMap":{},"s":{"0":2},"f":{},"b":{},"_coverageSchema":"332fd63041d2c1bcb487cc26dd0d5f7d97098a6c","hash":"8c8859e36b256159fa9376ad2992703bfed995a0"}
,"D:\\Bootcamp\\code\\Project 3\\react-recipe-book\\client\\src\\components\\WelcomeText\\index.js": {"path":"D:\\Bootcamp\\code\\Project 3\\react-recipe-book\\client\\src\\components\\WelcomeText\\index.js","statementMap":{"0":{"start":{"line":5,"column":20},"end":{"line":7,"column":1}},"1":{"start":{"line":6,"column":2},"end":{"line":6,"column":51}},"2":{"start":{"line":9,"column":0},"end":{"line":11,"column":2}}},"fnMap":{"0":{"name":"(anonymous_0)","decl":{"start":{"line":5,"column":20},"end":{"line":5,"column":21}},"loc":{"start":{"line":6,"column":2},"end":{"line":6,"column":51}},"line":6}},"branchMap":{},"s":{"0":2,"1":0,"2":2},"f":{"0":0},"b":{},"_coverageSchema":"332fd63041d2c1bcb487cc26dd0d5f7d97098a6c","hash":"39beddc78783b80aadfe27e95508a19ee039f149"}
,"D:\\Bootcamp\\code\\Project 3\\react-recipe-book\\client\\src\\components\\WelcomeText\\style.js": {"path":"D:\\Bootcamp\\code\\Project 3\\react-recipe-book\\client\\src\\components\\WelcomeText\\style.js","statementMap":{"0":{"start":{"line":3,"column":21},"end":{"line":11,"column":1}}},"fnMap":{},"branchMap":{},"s":{"0":2},"f":{},"b":{},"_coverageSchema":"332fd63041d2c1bcb487cc26dd0d5f7d97098a6c","hash":"05f1ca9e72a1a9005bb56657d8df479161e287e8"}
,"D:\\Bootcamp\\code\\Project 3\\react-recipe-book\\client\\src\\utils\\API.js": {"path":"D:\\Bootcamp\\code\\Project 3\\react-recipe-book\\client\\src\\utils\\API.js","statementMap":{"0":{"start":{"line":6,"column":8},"end":{"line":6,"column":41}},"1":{"start":{"line":10,"column":8},"end":{"line":10,"column":47}},"2":{"start":{"line":14,"column":8},"end":{"line":14,"column":50}},"3":{"start":{"line":18,"column":8},"end":{"line":18,"column":54}},"4":{"start":{"line":22,"column":8},"end":{"line":22,"column":57}}},"fnMap":{"0":{"name":"(anonymous_0)","decl":{"start":{"line":5,"column":16},"end":{"line":5,"column":17}},"loc":{"start":{"line":5,"column":28},"end":{"line":7,"column":5}},"line":5},"1":{"name":"(anonymous_1)","decl":{"start":{"line":9,"column":15},"end":{"line":9,"column":16}},"loc":{"start":{"line":9,"column":29},"end":{"line":11,"column":5}},"line":9},"2":{"name":"(anonymous_2)","decl":{"start":{"line":13,"column":18},"end":{"line":13,"column":19}},"loc":{"start":{"line":13,"column":32},"end":{"line":15,"column":5}},"line":13},"3":{"name":"(anonymous_3)","decl":{"start":{"line":17,"column":16},"end":{"line":17,"column":17}},"loc":{"start":{"line":17,"column":38},"end":{"line":19,"column":5}},"line":17},"4":{"name":"(anonymous_4)","decl":{"start":{"line":21,"column":20},"end":{"line":21,"column":21}},"loc":{"start":{"line":21,"column":42},"end":{"line":23,"column":5}},"line":21}},"branchMap":{},"s":{"0":0,"1":0,"2":0,"3":0,"4":0},"f":{"0":0,"1":0,"2":0,"3":0,"4":0},"b":{},"_coverageSchema":"332fd63041d2c1bcb487cc26dd0d5f7d97098a6c","hash":"51e5cb006a2444ee021a9f9def7ee61cb00ad2eb"}
}
