TN:
SF:D:\Bootcamp\code\Project 3\react-recipe-book\client\src\App.js
FN:6,(anonymous_0)
FNF:1
FNH:1
FNDA:1,(anonymous_0)
DA:7,1
LF:1
LH:1
BRF:0
BRH:0
end_of_record
TN:
SF:D:\Bootcamp\code\Project 3\react-recipe-book\client\src\components\Browse\index.js
FN:8,(anonymous_0)
FN:63,(anonymous_1)
FN:68,(anonymous_2)
FNF:3
FNH:3
FNDA:1,(anonymous_0)
FNDA:1,(anonymous_1)
FNDA:2,(anonymous_2)
DA:8,2
DA:35,2
DA:64,1
DA:69,2
LF:4
LH:4
BRF:0
BRH:0
end_of_record
TN:
SF:D:\Bootcamp\code\Project 3\react-recipe-book\client\src\components\Browse\style.js
FNF:0
FNH:0
DA:3,2
LF:1
LH:1
BRF:0
BRH:0
end_of_record
TN:
SF:D:\Bootcamp\code\Project 3\react-recipe-book\client\src\components\BrowseRecipeCard\index.js
FN:19,(anonymous_0)
FN:49,(anonymous_1)
FN:50,(anonymous_2)
FN:53,(anonymous_3)
FN:63,(anonymous_4)
FN:65,(anonymous_5)
FN:91,(anonymous_6)
FN:99,(anonymous_7)
FNF:8
FNH:2
FNDA:1,(anonymous_0)
FNDA:0,(anonymous_1)
FNDA:0,(anonymous_2)
FNDA:0,(anonymous_3)
FNDA:0,(anonymous_4)
FNDA:2,(anonymous_5)
FNDA:0,(anonymous_6)
FNDA:0,(anonymous_7)
DA:19,2
DA:50,0
DA:54,0
DA:55,0
DA:63,0
DA:66,2
DA:68,2
DA:92,0
DA:100,0
DA:127,2
LF:10
LH:4
BRF:0
BRH:0
end_of_record
TN:
SF:D:\Bootcamp\code\Project 3\react-recipe-book\client\src\components\Button\index.js
FN:11,(anonymous_0)
FNF:1
FNH:0
FNDA:0,(anonymous_0)
DA:5,3
DA:11,3
DA:12,0
DA:22,3
LF:4
LH:3
BRF:0
BRH:0
end_of_record
TN:
SF:D:\Bootcamp\code\Project 3\react-recipe-book\client\src\components\EnterRecipe\index.js
FN:21,(anonymous_0)
FNF:1
FNH:0
FNDA:0,(anonymous_0)
DA:22,0
LF:1
LH:0
BRF:0
BRH:0
end_of_record
TN:
SF:D:\Bootcamp\code\Project 3\react-recipe-book\client\src\components\FacebookLogin\index.js
FN:4,(anonymous_0)
FNF:1
FNH:1
FNDA:1,(anonymous_0)
DA:5,1
LF:1
LH:1
BRF:0
BRH:0
end_of_record
TN:
SF:D:\Bootcamp\code\Project 3\react-recipe-book\client\src\components\Fridge\index.js
FN:8,(anonymous_0)
FN:16,Fridge
FNF:2
FNH:0
FNDA:0,(anonymous_0)
FNDA:0,Fridge
DA:8,1
DA:18,0
LF:2
LH:1
BRF:0
BRH:0
end_of_record
TN:
SF:D:\Bootcamp\code\Project 3\react-recipe-book\client\src\components\Fridge\style.js
FNF:0
FNH:0
DA:3,1
LF:1
LH:1
BRF:0
BRH:0
end_of_record
TN:
SF:D:\Bootcamp\code\Project 3\react-recipe-book\client\src\components\FridgeInfo\index.js
FN:5,(anonymous_0)
FNF:1
FNH:1
FNDA:1,(anonymous_0)
DA:5,1
DA:7,1
LF:2
LH:2
BRF:0
BRH:0
end_of_record
TN:
SF:D:\Bootcamp\code\Project 3\react-recipe-book\client\src\components\FridgeInfo\style.js
FNF:0
FNH:0
DA:3,1
LF:1
LH:1
BRF:0
BRH:0
end_of_record
TN:
SF:D:\Bootcamp\code\Project 3\react-recipe-book\client\src\components\FridgeItem\index.js
FN:8,FridgeItem
FNF:1
FNH:1
FNDA:3,FridgeItem
DA:9,3
DA:17,3
LF:2
LH:2
BRF:0
BRH:0
end_of_record
TN:
SF:D:\Bootcamp\code\Project 3\react-recipe-book\client\src\components\FridgeList\index.js
FN:7,(anonymous_0)
FN:15,FridgeList
FNF:2
FNH:2
FNDA:1,(anonymous_0)
FNDA:1,FridgeList
DA:7,2
DA:16,1
DA:17,1
DA:29,2
LF:4
LH:4
BRF:0
BRH:0
end_of_record
TN:
SF:D:\Bootcamp\code\Project 3\react-recipe-book\client\src\components\GoogleSignIn\index.js
FN:4,(anonymous_0)
FN:19,(anonymous_1)
FNF:2
FNH:1
FNDA:0,(anonymous_0)
FNDA:1,(anonymous_1)
DA:6,0
DA:7,0
DA:8,0
DA:9,0
DA:10,0
DA:11,0
DA:12,0
DA:15,0
DA:16,0
DA:20,1
LF:10
LH:1
BRF:0
BRH:0
end_of_record
TN:
SF:D:\Bootcamp\code\Project 3\react-recipe-book\client\src\components\Home\index.js
FN:7,(anonymous_0)
FNF:1
FNH:1
FNDA:1,(anonymous_0)
DA:7,2
DA:8,1
LF:2
LH:2
BRF:0
BRH:0
end_of_record
TN:
SF:D:\Bootcamp\code\Project 3\react-recipe-book\client\src\components\Home\style.js
FNF:0
FNH:0
DA:3,2
LF:1
LH:1
BRF:0
BRH:0
end_of_record
TN:
SF:D:\Bootcamp\code\Project 3\react-recipe-book\client\src\components\IngredientInput\index.js
FN:16,(anonymous_0)
FN:22,(anonymous_1)
FN:25,(anonymous_2)
FN:30,(anonymous_3)
FN:43,(anonymous_4)
FN:45,(anonymous_5)
FN:57,(anonymous_6)
FN:62,(anonymous_7)
FN:67,(anonymous_8)
FN:85,(anonymous_9)
FNF:10
FNH:0
FNDA:0,(anonymous_0)
FNDA:0,(anonymous_1)
FNDA:0,(anonymous_2)
FNDA:0,(anonymous_3)
FNDA:0,(anonymous_4)
FNDA:0,(anonymous_5)
FNDA:0,(anonymous_6)
FNDA:0,(anonymous_7)
FNDA:0,(anonymous_8)
FNDA:0,(anonymous_9)
DA:17,0
DA:18,0
DA:23,0
DA:24,0
DA:25,0
DA:27,0
DA:28,0
DA:30,0
DA:31,0
DA:44,0
DA:45,0
DA:47,0
DA:48,0
DA:50,0
DA:54,0
DA:58,0
DA:63,0
DA:68,0
DA:85,0
LF:19
LH:0
BRDA:98,0,0,0
BRDA:98,0,1,0
BRF:2
BRH:0
end_of_record
TN:
SF:D:\Bootcamp\code\Project 3\react-recipe-book\client\src\components\Login\index.js
FN:8,(anonymous_0)
FNF:1
FNH:1
FNDA:1,(anonymous_0)
DA:8,2
DA:9,1
LF:2
LH:2
BRF:0
BRH:0
end_of_record
TN:
SF:D:\Bootcamp\code\Project 3\react-recipe-book\client\src\components\Login\style.js
FNF:0
FNH:0
DA:3,2
LF:1
LH:1
BRF:0
BRH:0
end_of_record
TN:
SF:D:\Bootcamp\code\Project 3\react-recipe-book\client\src\components\Logo\index.js
FN:6,(anonymous_0)
FNF:1
FNH:1
FNDA:3,(anonymous_0)
DA:6,5
DA:7,3
DA:12,5
LF:3
LH:3
BRF:0
BRH:0
end_of_record
TN:
SF:D:\Bootcamp\code\Project 3\react-recipe-book\client\src\components\Logo\style.js
FNF:0
FNH:0
DA:3,5
LF:1
LH:1
BRF:0
BRH:0
end_of_record
TN:
SF:D:\Bootcamp\code\Project 3\react-recipe-book\client\src\components\Main\index.js
FN:11,(anonymous_0)
FNF:1
FNH:1
FNDA:1,(anonymous_0)
DA:11,1
DA:12,1
LF:2
LH:2
BRF:0
BRH:0
end_of_record
TN:
SF:D:\Bootcamp\code\Project 3\react-recipe-book\client\src\components\NavBar\index.js
FN:38,(anonymous_0)
FN:42,(anonymous_1)
FN:46,(anonymous_2)
FN:50,(anonymous_3)
FNF:4
FNH:1
FNDA:0,(anonymous_0)
FNDA:0,(anonymous_1)
FNDA:0,(anonymous_2)
FNDA:2,(anonymous_3)
DA:16,3
DA:39,0
DA:43,0
DA:47,0
DA:51,2
DA:52,2
DA:53,2
DA:55,2
DA:118,3
LF:9
LH:6
BRDA:66,0,0,2
BRDA:66,0,1,0
BRDA:81,1,0,2
BRDA:81,1,1,2
BRDA:84,2,0,0
BRDA:84,2,1,2
BRF:6
BRH:4
end_of_record
TN:
SF:D:\Bootcamp\code\Project 3\react-recipe-book\client\src\components\RecipeCard\index.js
FN:25,RecipeCard
FNF:1
FNH:1
FNDA:1,RecipeCard
DA:12,1
DA:26,1
DA:27,1
DA:57,1
LF:4
LH:4
BRF:0
BRH:0
end_of_record
TN:
SF:D:\Bootcamp\code\Project 3\react-recipe-book\client\src\components\RecipeForm\index.js
FN:3,(anonymous_0)
FN:29,(anonymous_1)
FNF:2
FNH:0
FNDA:0,(anonymous_0)
FNDA:0,(anonymous_1)
DA:3,1
DA:4,0
DA:29,0
LF:3
LH:1
BRF:0
BRH:0
end_of_record
TN:
SF:D:\Bootcamp\code\Project 3\react-recipe-book\client\src\components\RecipeInformation\index.js
FN:9,(anonymous_0)
FN:41,RecipeView
FN:69,(anonymous_2)
FNF:3
FNH:2
FNDA:1,(anonymous_0)
FNDA:2,RecipeView
FNDA:0,(anonymous_2)
DA:9,3
DA:51,2
DA:52,2
DA:53,2
DA:70,0
DA:80,3
LF:6
LH:5
BRF:0
BRH:0
end_of_record
TN:
SF:D:\Bootcamp\code\Project 3\react-recipe-book\client\src\components\RecipeInformation\style.js
FNF:0
FNH:0
DA:3,3
LF:1
LH:1
BRF:0
BRH:0
end_of_record
TN:
SF:D:\Bootcamp\code\Project 3\react-recipe-book\client\src\components\RecipeIngredient\index.js
FN:7,RecipeIngredient
FNF:1
FNH:0
FNDA:0,RecipeIngredient
DA:8,0
DA:16,3
LF:2
LH:1
BRF:0
BRH:0
end_of_record
TN:
SF:D:\Bootcamp\code\Project 3\react-recipe-book\client\src\components\RecipeInstruction\index.js
FN:5,(anonymous_0)
FNF:1
FNH:0
FNDA:0,(anonymous_0)
DA:5,3
DA:6,0
DA:9,3
LF:3
LH:2
BRF:0
BRH:0
end_of_record
TN:
SF:D:\Bootcamp\code\Project 3\react-recipe-book\client\src\components\RecipeInstruction\style.js
FNF:0
FNH:0
DA:3,3
LF:1
LH:1
BRF:0
BRH:0
end_of_record
TN:
SF:D:\Bootcamp\code\Project 3\react-recipe-book\client\src\components\RecipePage\index.js
FN:8,RecipePage
FNF:1
FNH:0
FNDA:0,RecipePage
DA:9,0
LF:1
LH:0
BRF:0
BRH:0
end_of_record
TN:
SF:D:\Bootcamp\code\Project 3\react-recipe-book\client\src\components\RecipePage\recipe-test.js
FNF:0
FNH:0
DA:1,2
LF:1
LH:1
BRF:0
BRH:0
end_of_record
TN:
SF:D:\Bootcamp\code\Project 3\react-recipe-book\client\src\components\RecipePage\style.js
FNF:0
FNH:0
DA:3,2
LF:1
LH:1
BRF:0
BRH:0
end_of_record
TN:
SF:D:\Bootcamp\code\Project 3\react-recipe-book\client\src\components\RecipeTitle\index.js
FN:3,(anonymous_0)
FNF:1
FNH:0
FNDA:0,(anonymous_0)
DA:3,1
DA:4,0
LF:2
LH:1
BRF:0
BRH:0
end_of_record
TN:
SF:D:\Bootcamp\code\Project 3\react-recipe-book\client\src\components\StatusIcon\index.js
FN:10,(anonymous_0)
FNF:1
FNH:1
FNDA:3,(anonymous_0)
DA:4,5
DA:10,5
DA:11,3
DA:16,5
LF:4
LH:4
BRF:0
BRH:0
end_of_record
TN:
SF:D:\Bootcamp\code\Project 3\react-recipe-book\client\src\components\Welcome\index.js
FN:8,(anonymous_0)
FNF:1
FNH:0
FNDA:0,(anonymous_0)
DA:8,2
DA:9,0
LF:2
LH:1
BRF:0
BRH:0
end_of_record
TN:
SF:D:\Bootcamp\code\Project 3\react-recipe-book\client\src\components\Welcome\style.js
FNF:0
FNH:0
DA:3,2
LF:1
LH:1
BRF:0
BRH:0
end_of_record
TN:
SF:D:\Bootcamp\code\Project 3\react-recipe-book\client\src\components\WelcomeText\index.js
FN:5,(anonymous_0)
FNF:1
FNH:0
FNDA:0,(anonymous_0)
DA:5,2
DA:6,0
DA:9,2
LF:3
LH:2
BRF:0
BRH:0
end_of_record
TN:
SF:D:\Bootcamp\code\Project 3\react-recipe-book\client\src\components\WelcomeText\style.js
FNF:0
FNH:0
DA:3,2
LF:1
LH:1
BRF:0
BRH:0
end_of_record
TN:
SF:D:\Bootcamp\code\Project 3\react-recipe-book\client\src\utils\API.js
FN:5,(anonymous_0)
FN:9,(anonymous_1)
FN:13,(anonymous_2)
FN:17,(anonymous_3)
FN:21,(anonymous_4)
FNF:5
FNH:0
FNDA:0,(anonymous_0)
FNDA:0,(anonymous_1)
FNDA:0,(anonymous_2)
FNDA:0,(anonymous_3)
FNDA:0,(anonymous_4)
DA:6,0
DA:10,0
DA:14,0
DA:18,0
DA:22,0
LF:5
LH:0
BRF:0
BRH:0
end_of_record
